/lsst/home/lsstsw/stack/Linux64/anaconda/1.8.0/lib/python2.7/site-packages/matplotlib/pyplot.py:412: RuntimeWarning: More than 20 figures have been opened. Figures created through the pyplot interface (`matplotlib.pyplot.figure`) are retained until explicitly closed and may consume too much memory. (To control this warning, see the rcParam `figure.max_num_figures`).
  max_open_warning, RuntimeWarning)
# SORTING...
DCR IN u BAND
# Regressing A
RF 0 10 : 0.02613 +/- 0.05978 vs 0.03148 +/- 0.07303
RF 0 50 : 0.02437 +/- 0.04965 vs 0.02709 +/- 0.05410
RF 0 100 : 0.02329 +/- 0.04820 vs 0.02281 +/- 0.05390
RF 1 10 : 0.02819 +/- 0.07078 vs 0.02998 +/- 0.07678
RF 1 50 : 0.02127 +/- 0.04720 vs 0.02681 +/- 0.05064
RF 1 100 : 0.02560 +/- 0.05127 vs 0.02224 +/- 0.05301
# Regressing B
RF 0 10 : 0.02650 +/- 0.06846 vs 0.02795 +/- 0.05464
RF 0 50 : 0.02184 +/- 0.04787 vs 0.02127 +/- 0.05917
RF 0 100 : 0.02143 +/- 0.04757 vs 0.02304 +/- 0.05396
RF 1 10 : 0.02171 +/- 0.07391 vs 0.03173 +/- 0.06624
RF 1 50 : 0.02441 +/- 0.05525 vs 0.02564 +/- 0.05713
RF 1 100 : 0.02546 +/- 0.04841 vs 0.02559 +/- 0.05445
# Regressing C
RF 0 10 : 0.02745 +/- 0.08006 vs 0.02830 +/- 0.06746
RF 0 50 : 0.02401 +/- 0.05360 vs 0.02615 +/- 0.05476
RF 0 100 : 0.02331 +/- 0.04888 vs 0.02278 +/- 0.05178
RF 1 10 : 0.02443 +/- 0.06619 vs 0.02235 +/- 0.07142
RF 1 50 : 0.02414 +/- 0.05082 vs 0.02415 +/- 0.05898
RF 1 100 : 0.02249 +/- 0.05187 vs 0.02645 +/- 0.05039
# Regressing D
RF 0 10 : 0.02786 +/- 0.07156 vs 0.02912 +/- 0.07196
RF 0 50 : 0.01992 +/- 0.05193 vs 0.02655 +/- 0.05552
RF 0 100 : 0.02398 +/- 0.05088 vs 0.01992 +/- 0.05329
RF 1 10 : 0.02889 +/- 0.06864 vs 0.03176 +/- 0.07534
RF 1 50 : 0.02587 +/- 0.04805 vs 0.01967 +/- 0.06104
RF 1 100 : 0.02642 +/- 0.04674 vs 0.02614 +/- 0.05566
# Regressing E
RF 0 10 : 0.02610 +/- 0.06821 vs 0.02728 +/- 0.07225
RF 0 50 : 0.02285 +/- 0.04590 vs 0.02436 +/- 0.05631
RF 0 100 : 0.02100 +/- 0.05273 vs 0.02501 +/- 0.05429
RF 1 10 : 0.02960 +/- 0.06760 vs 0.02969 +/- 0.06750
RF 1 50 : 0.02247 +/- 0.05297 vs 0.02430 +/- 0.05321
RF 1 100 : 0.02458 +/- 0.04836 vs 0.02541 +/- 0.05267
DCR IN g BAND
# Regressing A
RF 0 10 : 0.00000 +/- 0.00000 vs 0.00000 +/- 0.00000
RF 0 50 : 0.00000 +/- 0.00000 vs 0.00000 +/- 0.00000
RF 0 100 : 0.00000 +/- 0.00000 vs 0.00000 +/- 0.00000
RF 1 10 : 0.00000 +/- 0.00000 vs 0.00000 +/- 0.00000
RF 1 50 : 0.00000 +/- 0.00000 vs 0.00000 +/- 0.00000
RF 1 100 : 0.00000 +/- 0.00000 vs 0.00000 +/- 0.00000
# Regressing B
RF 0 10 : 0.00000 +/- 0.00000 vs 0.00000 +/- 0.00000
RF 0 50 : 0.00000 +/- 0.00000 vs 0.00000 +/- 0.00000
RF 0 100 : 0.00000 +/- 0.00000 vs 0.00000 +/- 0.00000
RF 1 10 : 0.00000 +/- 0.00000 vs 0.00000 +/- 0.00000
RF 1 50 : 0.00000 +/- 0.00000 vs 0.00000 +/- 0.00000
RF 1 100 : 0.00000 +/- 0.00000 vs 0.00000 +/- 0.00000
# Regressing C
RF 0 10 : 0.00000 +/- 0.00000 vs 0.00000 +/- 0.00000
RF 0 50 : 0.00000 +/- 0.00000 vs 0.00000 +/- 0.00000
RF 0 100 : 0.00000 +/- 0.00000 vs 0.00000 +/- 0.00000
RF 1 10 : 0.00000 +/- 0.00000 vs 0.00000 +/- 0.00000
RF 1 50 : 0.00000 +/- 0.00000 vs 0.00000 +/- 0.00000
RF 1 100 : 0.00000 +/- 0.00000 vs 0.00000 +/- 0.00000
# Regressing D
RF 0 10 : 0.00000 +/- 0.00000 vs 0.00000 +/- 0.00000
RF 0 50 : 0.00000 +/- 0.00000 vs 0.00000 +/- 0.00000
RF 0 100 : 0.00000 +/- 0.00000 vs 0.00000 +/- 0.00000
RF 1 10 : 0.00000 +/- 0.00000 vs 0.00000 +/- 0.00000
RF 1 50 : 0.00000 +/- 0.00000 vs 0.00000 +/- 0.00000
RF 1 100 : 0.00000 +/- 0.00000 vs 0.00000 +/- 0.00000
# Regressing E
RF 0 10 : 0.00000 +/- 0.00000 vs 0.00000 +/- 0.00000
RF 0 50 : 0.00000 +/- 0.00000 vs 0.00000 +/- 0.00000
RF 0 100 : 0.00000 +/- 0.00000 vs 0.00000 +/- 0.00000
RF 1 10 : 0.00000 +/- 0.00000 vs 0.00000 +/- 0.00000
RF 1 50 : 0.00000 +/- 0.00000 vs 0.00000 +/- 0.00000
RF 1 100 : 0.00000 +/- 0.00000 vs 0.00000 +/- 0.00000
DCR IN r BAND
# Regressing A
RF 0 10 : 0.00000 +/- 0.00000 vs 0.00000 +/- 0.00000
RF 0 50 : 0.00000 +/- 0.00000 vs 0.00000 +/- 0.00000
RF 0 100 : 0.00000 +/- 0.00000 vs 0.00000 +/- 0.00000
RF 1 10 : 0.00000 +/- 0.00000 vs 0.00000 +/- 0.00000
RF 1 50 : 0.00000 +/- 0.00000 vs 0.00000 +/- 0.00000
RF 1 100 : 0.00000 +/- 0.00000 vs 0.00000 +/- 0.00000
# Regressing B
RF 0 10 : 0.00000 +/- 0.00000 vs 0.00000 +/- 0.00000
RF 0 50 : 0.00000 +/- 0.00000 vs 0.00000 +/- 0.00000
RF 0 100 : 0.00000 +/- 0.00000 vs 0.00000 +/- 0.00000
RF 1 10 : 0.00000 +/- 0.00000 vs 0.00000 +/- 0.00000
RF 1 50 : 0.00000 +/- 0.00000 vs 0.00000 +/- 0.00000
RF 1 100 : 0.00000 +/- 0.00000 vs 0.00000 +/- 0.00000
# Regressing C
RF 0 10 : 0.00000 +/- 0.00000 vs 0.00000 +/- 0.00000
RF 0 50 : 0.00000 +/- 0.00000 vs 0.00000 +/- 0.00000
RF 0 100 : 0.00000 +/- 0.00000 vs 0.00000 +/- 0.00000
RF 1 10 : 0.00000 +/- 0.00000 vs 0.00000 +/- 0.00000
RF 1 50 : 0.00000 +/- 0.00000 vs 0.00000 +/- 0.00000
RF 1 100 : 0.00000 +/- 0.00000 vs 0.00000 +/- 0.00000
# Regressing D
RF 0 10 : 0.00000 +/- 0.00000 vs 0.00000 +/- 0.00000
RF 0 50 : 0.00000 +/- 0.00000 vs 0.00000 +/- 0.00000
RF 0 100 : 0.00000 +/- 0.00000 vs 0.00000 +/- 0.00000
RF 1 10 : 0.00000 +/- 0.00000 vs 0.00000 +/- 0.00000
RF 1 50 : 0.00000 +/- 0.00000 vs 0.00000 +/- 0.00000
RF 1 100 : 0.00000 +/- 0.00000 vs 0.00000 +/- 0.00000
# Regressing E
RF 0 10 : 0.00000 +/- 0.00000 vs 0.00000 +/- 0.00000
RF 0 50 : 0.00000 +/- 0.00000 vs 0.00000 +/- 0.00000
RF 0 100 : 0.00000 +/- 0.00000 vs 0.00000 +/- 0.00000
RF 1 10 : 0.00000 +/- 0.00000 vs 0.00000 +/- 0.00000
RF 1 50 : 0.00000 +/- 0.00000 vs 0.00000 +/- 0.00000
RF 1 100 : 0.00000 +/- 0.00000 vs 0.00000 +/- 0.00000
DCR IN i BAND
# Regressing A
RF 0 10 : 0.00000 +/- 0.00000 vs 0.00000 +/- 0.00000
RF 0 50 : 0.00000 +/- 0.00000 vs 0.00000 +/- 0.00000
RF 0 100 : 0.00000 +/- 0.00000 vs 0.00000 +/- 0.00000
RF 1 10 : 0.00000 +/- 0.00000 vs 0.00000 +/- 0.00000
RF 1 50 : 0.00000 +/- 0.00000 vs 0.00000 +/- 0.00000
RF 1 100 : 0.00000 +/- 0.00000 vs 0.00000 +/- 0.00000
# Regressing B
RF 0 10 : 0.00000 +/- 0.00000 vs 0.00000 +/- 0.00000
RF 0 50 : 0.00000 +/- 0.00000 vs 0.00000 +/- 0.00000
RF 0 100 : 0.00000 +/- 0.00000 vs 0.00000 +/- 0.00000
RF 1 10 : 0.00000 +/- 0.00000 vs 0.00000 +/- 0.00000
RF 1 50 : 0.00000 +/- 0.00000 vs 0.00000 +/- 0.00000
RF 1 100 : 0.00000 +/- 0.00000 vs 0.00000 +/- 0.00000
# Regressing C
RF 0 10 : 0.00000 +/- 0.00000 vs 0.00000 +/- 0.00000
RF 0 50 : 0.00000 +/- 0.00000 vs 0.00000 +/- 0.00000
RF 0 100 : 0.00000 +/- 0.00000 vs 0.00000 +/- 0.00000
RF 1 10 : 0.00000 +/- 0.00000 vs 0.00000 +/- 0.00000
RF 1 50 : 0.00000 +/- 0.00000 vs 0.00000 +/- 0.00000
RF 1 100 : 0.00000 +/- 0.00000 vs 0.00000 +/- 0.00000
# Regressing D
RF 0 10 : 0.00000 +/- 0.00000 vs 0.00000 +/- 0.00000
RF 0 50 : 0.00000 +/- 0.00000 vs 0.00000 +/- 0.00000
RF 0 100 : 0.00000 +/- 0.00000 vs 0.00000 +/- 0.00000
RF 1 10 : 0.00000 +/- 0.00000 vs 0.00000 +/- 0.00000
RF 1 50 : 0.00000 +/- 0.00000 vs 0.00000 +/- 0.00000
RF 1 100 : 0.00000 +/- 0.00000 vs 0.00000 +/- 0.00000
# Regressing E
RF 0 10 : 0.00000 +/- 0.00000 vs 0.00000 +/- 0.00000
RF 0 50 : 0.00000 +/- 0.00000 vs 0.00000 +/- 0.00000
RF 0 100 : 0.00000 +/- 0.00000 vs 0.00000 +/- 0.00000
RF 1 10 : 0.00000 +/- 0.00000 vs 0.00000 +/- 0.00000
RF 1 50 : 0.00000 +/- 0.00000 vs 0.00000 +/- 0.00000
RF 1 100 : 0.00000 +/- 0.00000 vs 0.00000 +/- 0.00000
DCR IN z BAND
# Regressing A
RF 0 10 : 0.00000 +/- 0.00000 vs 0.00000 +/- 0.00000
RF 0 50 : 0.00000 +/- 0.00000 vs 0.00000 +/- 0.00000
RF 0 100 : 0.00000 +/- 0.00000 vs 0.00000 +/- 0.00000
RF 1 10 : 0.00000 +/- 0.00000 vs 0.00000 +/- 0.00000
RF 1 50 : 0.00000 +/- 0.00000 vs 0.00000 +/- 0.00000
RF 1 100 : 0.00000 +/- 0.00000 vs 0.00000 +/- 0.00000
# Regressing B
RF 0 10 : 0.00000 +/- 0.00000 vs 0.00000 +/- 0.00000
RF 0 50 : 0.00000 +/- 0.00000 vs 0.00000 +/- 0.00000
RF 0 100 : 0.00000 +/- 0.00000 vs 0.00000 +/- 0.00000
RF 1 10 : 0.00000 +/- 0.00000 vs 0.00000 +/- 0.00000
RF 1 50 : 0.00000 +/- 0.00000 vs 0.00000 +/- 0.00000
RF 1 100 : 0.00000 +/- 0.00000 vs 0.00000 +/- 0.00000
# Regressing C
RF 0 10 : 0.00000 +/- 0.00000 vs 0.00000 +/- 0.00000
RF 0 50 : 0.00000 +/- 0.00000 vs 0.00000 +/- 0.00000
RF 0 100 : 0.00000 +/- 0.00000 vs 0.00000 +/- 0.00000
RF 1 10 : 0.00000 +/- 0.00000 vs 0.00000 +/- 0.00000
RF 1 50 : 0.00000 +/- 0.00000 vs 0.00000 +/- 0.00000
RF 1 100 : 0.00000 +/- 0.00000 vs 0.00000 +/- 0.00000
# Regressing D
RF 0 10 : 0.00000 +/- 0.00000 vs 0.00000 +/- 0.00000
RF 0 50 : 0.00000 +/- 0.00000 vs 0.00000 +/- 0.00000
RF 0 100 : 0.00000 +/- 0.00000 vs 0.00000 +/- 0.00000
RF 1 10 : 0.00000 +/- 0.00000 vs 0.00000 +/- 0.00000
RF 1 50 : 0.00000 +/- 0.00000 vs 0.00000 +/- 0.00000
RF 1 100 : 0.00000 +/- 0.00000 vs 0.00000 +/- 0.00000
# Regressing E
RF 0 10 : 0.00000 +/- 0.00000 vs 0.00000 +/- 0.00000
RF 0 50 : 0.00000 +/- 0.00000 vs 0.00000 +/- 0.00000
RF 0 100 : 0.00000 +/- 0.00000 vs 0.00000 +/- 0.00000
RF 1 10 : 0.00000 +/- 0.00000 vs 0.00000 +/- 0.00000
RF 1 50 : 0.00000 +/- 0.00000 vs 0.00000 +/- 0.00000
RF 1 100 : 0.00000 +/- 0.00000 vs 0.00000 +/- 0.00000
