/lsst/home/lsstsw/stack/Linux64/anaconda/1.8.0/lib/python2.7/site-packages/matplotlib/pyplot.py:412: RuntimeWarning: More than 20 figures have been opened. Figures created through the pyplot interface (`matplotlib.pyplot.figure`) are retained until explicitly closed and may consume too much memory. (To control this warning, see the rcParam `figure.max_num_figures`).
  max_open_warning, RuntimeWarning)
# SORTING...
REFRACTION IN u BAND
# Regressing A
RF 0 10 : 0.02548 +/- 0.06715 vs 0.02505 +/- 0.07525
RF 0 50 : 0.02105 +/- 0.05049 vs 0.02303 +/- 0.05747
RF 0 100 : 0.02155 +/- 0.04530 vs 0.02306 +/- 0.05431
RF 1 10 : 0.02832 +/- 0.06457 vs 0.02816 +/- 0.07250
RF 1 50 : 0.02446 +/- 0.05213 vs 0.02167 +/- 0.05185
RF 1 100 : 0.02117 +/- 0.04907 vs 0.02468 +/- 0.05293
# Regressing B
RF 0 10 : 0.03015 +/- 0.06140 vs 0.02912 +/- 0.07276
RF 0 50 : 0.02196 +/- 0.05299 vs 0.02224 +/- 0.05498
RF 0 100 : 0.02149 +/- 0.04699 vs 0.02292 +/- 0.05487
RF 1 10 : 0.02987 +/- 0.06318 vs 0.02745 +/- 0.07450
RF 1 50 : 0.02384 +/- 0.05641 vs 0.02658 +/- 0.05975
RF 1 100 : 0.02410 +/- 0.04888 vs 0.02319 +/- 0.05443
# Regressing C
RF 0 10 : 0.02780 +/- 0.06749 vs 0.03080 +/- 0.07153
RF 0 50 : 0.02666 +/- 0.04878 vs 0.02251 +/- 0.05110
RF 0 100 : 0.02479 +/- 0.05022 vs 0.02387 +/- 0.05061
RF 1 10 : 0.02257 +/- 0.06541 vs 0.02331 +/- 0.06181
RF 1 50 : 0.02359 +/- 0.05551 vs 0.02312 +/- 0.05752
RF 1 100 : 0.02611 +/- 0.04902 vs 0.02508 +/- 0.05555
# Regressing D
RF 0 10 : 0.02724 +/- 0.06322 vs 0.02622 +/- 0.06618
RF 0 50 : 0.02056 +/- 0.05113 vs 0.02246 +/- 0.05918
RF 0 100 : 0.02438 +/- 0.04756 vs 0.02252 +/- 0.05216
RF 1 10 : 0.02464 +/- 0.06349 vs 0.02584 +/- 0.07357
RF 1 50 : 0.02514 +/- 0.05315 vs 0.02705 +/- 0.05809
RF 1 100 : 0.02148 +/- 0.04723 vs 0.02472 +/- 0.05199
# Regressing E
RF 0 10 : 0.02607 +/- 0.05373 vs 0.02513 +/- 0.06885
RF 0 50 : 0.02428 +/- 0.05112 vs 0.02380 +/- 0.05769
RF 0 100 : 0.02426 +/- 0.05010 vs 0.02192 +/- 0.05195
RF 1 10 : 0.02763 +/- 0.05309 vs 0.03418 +/- 0.06946
RF 1 50 : 0.02519 +/- 0.05018 vs 0.02444 +/- 0.05497
RF 1 100 : 0.02354 +/- 0.05067 vs 0.02454 +/- 0.05154
REFRACTION IN g BAND
# Regressing A
RF 0 10 : 0.00000 +/- 0.00000 vs 0.00000 +/- 0.00000
RF 0 50 : 0.00000 +/- 0.00000 vs 0.00000 +/- 0.00000
RF 0 100 : 0.00000 +/- 0.00000 vs 0.00000 +/- 0.00000
RF 1 10 : 0.00000 +/- 0.00000 vs 0.00000 +/- 0.00000
RF 1 50 : 0.00000 +/- 0.00000 vs 0.00000 +/- 0.00000
RF 1 100 : 0.00000 +/- 0.00000 vs 0.00000 +/- 0.00000
# Regressing B
RF 0 10 : 0.00000 +/- 0.00000 vs 0.00000 +/- 0.00000
RF 0 50 : 0.00000 +/- 0.00000 vs 0.00000 +/- 0.00000
RF 0 100 : 0.00000 +/- 0.00000 vs 0.00000 +/- 0.00000
RF 1 10 : 0.00000 +/- 0.00000 vs 0.00000 +/- 0.00000
RF 1 50 : 0.00000 +/- 0.00000 vs 0.00000 +/- 0.00000
RF 1 100 : 0.00000 +/- 0.00000 vs 0.00000 +/- 0.00000
# Regressing C
RF 0 10 : 0.00000 +/- 0.00000 vs 0.00000 +/- 0.00000
RF 0 50 : 0.00000 +/- 0.00000 vs 0.00000 +/- 0.00000
RF 0 100 : 0.00000 +/- 0.00000 vs 0.00000 +/- 0.00000
RF 1 10 : 0.00000 +/- 0.00000 vs 0.00000 +/- 0.00000
RF 1 50 : 0.00000 +/- 0.00000 vs 0.00000 +/- 0.00000
RF 1 100 : 0.00000 +/- 0.00000 vs 0.00000 +/- 0.00000
# Regressing D
RF 0 10 : 0.00000 +/- 0.00000 vs 0.00000 +/- 0.00000
RF 0 50 : 0.00000 +/- 0.00000 vs 0.00000 +/- 0.00000
RF 0 100 : 0.00000 +/- 0.00000 vs 0.00000 +/- 0.00000
RF 1 10 : 0.00000 +/- 0.00000 vs 0.00000 +/- 0.00000
RF 1 50 : 0.00000 +/- 0.00000 vs 0.00000 +/- 0.00000
RF 1 100 : 0.00000 +/- 0.00000 vs 0.00000 +/- 0.00000
# Regressing E
RF 0 10 : 0.00000 +/- 0.00000 vs 0.00000 +/- 0.00000
RF 0 50 : 0.00000 +/- 0.00000 vs 0.00000 +/- 0.00000
RF 0 100 : 0.00000 +/- 0.00000 vs 0.00000 +/- 0.00000
RF 1 10 : 0.00000 +/- 0.00000 vs 0.00000 +/- 0.00000
RF 1 50 : 0.00000 +/- 0.00000 vs 0.00000 +/- 0.00000
RF 1 100 : 0.00000 +/- 0.00000 vs 0.00000 +/- 0.00000
REFRACTION IN r BAND
# Regressing A
RF 0 10 : 0.00000 +/- 0.00000 vs 0.00000 +/- 0.00000
RF 0 50 : 0.00000 +/- 0.00000 vs 0.00000 +/- 0.00000
RF 0 100 : 0.00000 +/- 0.00000 vs 0.00000 +/- 0.00000
RF 1 10 : 0.00000 +/- 0.00000 vs 0.00000 +/- 0.00000
RF 1 50 : 0.00000 +/- 0.00000 vs 0.00000 +/- 0.00000
RF 1 100 : 0.00000 +/- 0.00000 vs 0.00000 +/- 0.00000
# Regressing B
RF 0 10 : 0.00000 +/- 0.00000 vs 0.00000 +/- 0.00000
RF 0 50 : 0.00000 +/- 0.00000 vs 0.00000 +/- 0.00000
RF 0 100 : 0.00000 +/- 0.00000 vs 0.00000 +/- 0.00000
RF 1 10 : 0.00000 +/- 0.00000 vs 0.00000 +/- 0.00000
RF 1 50 : 0.00000 +/- 0.00000 vs 0.00000 +/- 0.00000
RF 1 100 : 0.00000 +/- 0.00000 vs 0.00000 +/- 0.00000
# Regressing C
RF 0 10 : 0.00000 +/- 0.00000 vs 0.00000 +/- 0.00000
RF 0 50 : 0.00000 +/- 0.00000 vs 0.00000 +/- 0.00000
RF 0 100 : 0.00000 +/- 0.00000 vs 0.00000 +/- 0.00000
RF 1 10 : 0.00000 +/- 0.00000 vs 0.00000 +/- 0.00000
RF 1 50 : 0.00000 +/- 0.00000 vs 0.00000 +/- 0.00000
RF 1 100 : 0.00000 +/- 0.00000 vs 0.00000 +/- 0.00000
# Regressing D
RF 0 10 : 0.00000 +/- 0.00000 vs 0.00000 +/- 0.00000
RF 0 50 : 0.00000 +/- 0.00000 vs 0.00000 +/- 0.00000
RF 0 100 : 0.00000 +/- 0.00000 vs 0.00000 +/- 0.00000
RF 1 10 : 0.00000 +/- 0.00000 vs 0.00000 +/- 0.00000
RF 1 50 : 0.00000 +/- 0.00000 vs 0.00000 +/- 0.00000
RF 1 100 : 0.00000 +/- 0.00000 vs 0.00000 +/- 0.00000
# Regressing E
RF 0 10 : 0.00000 +/- 0.00000 vs 0.00000 +/- 0.00000
RF 0 50 : 0.00000 +/- 0.00000 vs 0.00000 +/- 0.00000
RF 0 100 : 0.00000 +/- 0.00000 vs 0.00000 +/- 0.00000
RF 1 10 : 0.00000 +/- 0.00000 vs 0.00000 +/- 0.00000
RF 1 50 : 0.00000 +/- 0.00000 vs 0.00000 +/- 0.00000
RF 1 100 : 0.00000 +/- 0.00000 vs 0.00000 +/- 0.00000
REFRACTION IN i BAND
# Regressing A
RF 0 10 : 0.00000 +/- 0.00000 vs 0.00000 +/- 0.00000
RF 0 50 : 0.00000 +/- 0.00000 vs 0.00000 +/- 0.00000
RF 0 100 : 0.00000 +/- 0.00000 vs 0.00000 +/- 0.00000
RF 1 10 : 0.00000 +/- 0.00000 vs 0.00000 +/- 0.00000
RF 1 50 : 0.00000 +/- 0.00000 vs 0.00000 +/- 0.00000
RF 1 100 : 0.00000 +/- 0.00000 vs 0.00000 +/- 0.00000
# Regressing B
RF 0 10 : 0.00000 +/- 0.00000 vs 0.00000 +/- 0.00000
RF 0 50 : 0.00000 +/- 0.00000 vs 0.00000 +/- 0.00000
RF 0 100 : 0.00000 +/- 0.00000 vs 0.00000 +/- 0.00000
RF 1 10 : 0.00000 +/- 0.00000 vs 0.00000 +/- 0.00000
RF 1 50 : 0.00000 +/- 0.00000 vs 0.00000 +/- 0.00000
RF 1 100 : 0.00000 +/- 0.00000 vs 0.00000 +/- 0.00000
# Regressing C
RF 0 10 : 0.00000 +/- 0.00000 vs 0.00000 +/- 0.00000
RF 0 50 : 0.00000 +/- 0.00000 vs 0.00000 +/- 0.00000
RF 0 100 : 0.00000 +/- 0.00000 vs 0.00000 +/- 0.00000
RF 1 10 : 0.00000 +/- 0.00000 vs 0.00000 +/- 0.00000
RF 1 50 : 0.00000 +/- 0.00000 vs 0.00000 +/- 0.00000
RF 1 100 : 0.00000 +/- 0.00000 vs 0.00000 +/- 0.00000
# Regressing D
RF 0 10 : 0.00000 +/- 0.00000 vs 0.00000 +/- 0.00000
RF 0 50 : 0.00000 +/- 0.00000 vs 0.00000 +/- 0.00000
RF 0 100 : 0.00000 +/- 0.00000 vs 0.00000 +/- 0.00000
RF 1 10 : 0.00000 +/- 0.00000 vs 0.00000 +/- 0.00000
RF 1 50 : 0.00000 +/- 0.00000 vs 0.00000 +/- 0.00000
RF 1 100 : 0.00000 +/- 0.00000 vs 0.00000 +/- 0.00000
# Regressing E
RF 0 10 : 0.00000 +/- 0.00000 vs 0.00000 +/- 0.00000
RF 0 50 : 0.00000 +/- 0.00000 vs 0.00000 +/- 0.00000
RF 0 100 : 0.00000 +/- 0.00000 vs 0.00000 +/- 0.00000
RF 1 10 : 0.00000 +/- 0.00000 vs 0.00000 +/- 0.00000
RF 1 50 : 0.00000 +/- 0.00000 vs 0.00000 +/- 0.00000
RF 1 100 : 0.00000 +/- 0.00000 vs 0.00000 +/- 0.00000
REFRACTION IN z BAND
# Regressing A
RF 0 10 : 0.00000 +/- 0.00000 vs 0.00000 +/- 0.00000
RF 0 50 : 0.00000 +/- 0.00000 vs 0.00000 +/- 0.00000
RF 0 100 : 0.00000 +/- 0.00000 vs 0.00000 +/- 0.00000
RF 1 10 : 0.00000 +/- 0.00000 vs 0.00000 +/- 0.00000
RF 1 50 : 0.00000 +/- 0.00000 vs 0.00000 +/- 0.00000
RF 1 100 : 0.00000 +/- 0.00000 vs 0.00000 +/- 0.00000
# Regressing B
RF 0 10 : 0.00000 +/- 0.00000 vs 0.00000 +/- 0.00000
RF 0 50 : 0.00000 +/- 0.00000 vs 0.00000 +/- 0.00000
RF 0 100 : 0.00000 +/- 0.00000 vs 0.00000 +/- 0.00000
RF 1 10 : 0.00000 +/- 0.00000 vs 0.00000 +/- 0.00000
RF 1 50 : 0.00000 +/- 0.00000 vs 0.00000 +/- 0.00000
RF 1 100 : 0.00000 +/- 0.00000 vs 0.00000 +/- 0.00000
# Regressing C
RF 0 10 : 0.00000 +/- 0.00000 vs 0.00000 +/- 0.00000
RF 0 50 : 0.00000 +/- 0.00000 vs 0.00000 +/- 0.00000
RF 0 100 : 0.00000 +/- 0.00000 vs 0.00000 +/- 0.00000
RF 1 10 : 0.00000 +/- 0.00000 vs 0.00000 +/- 0.00000
RF 1 50 : 0.00000 +/- 0.00000 vs 0.00000 +/- 0.00000
RF 1 100 : 0.00000 +/- 0.00000 vs 0.00000 +/- 0.00000
# Regressing D
RF 0 10 : 0.00000 +/- 0.00000 vs 0.00000 +/- 0.00000
RF 0 50 : 0.00000 +/- 0.00000 vs 0.00000 +/- 0.00000
RF 0 100 : 0.00000 +/- 0.00000 vs 0.00000 +/- 0.00000
RF 1 10 : 0.00000 +/- 0.00000 vs 0.00000 +/- 0.00000
RF 1 50 : 0.00000 +/- 0.00000 vs 0.00000 +/- 0.00000
RF 1 100 : 0.00000 +/- 0.00000 vs 0.00000 +/- 0.00000
# Regressing E
RF 0 10 : 0.00000 +/- 0.00000 vs 0.00000 +/- 0.00000
RF 0 50 : 0.00000 +/- 0.00000 vs 0.00000 +/- 0.00000
RF 0 100 : 0.00000 +/- 0.00000 vs 0.00000 +/- 0.00000
RF 1 10 : 0.00000 +/- 0.00000 vs 0.00000 +/- 0.00000
RF 1 50 : 0.00000 +/- 0.00000 vs 0.00000 +/- 0.00000
RF 1 100 : 0.00000 +/- 0.00000 vs 0.00000 +/- 0.00000
